info: Error conecting to server:  SASL: SCRAM-SERVER-FIRST-MESSAGE: client password must be a string {"stack":"Error: SASL: SCRAM-SERVER-FIRST-MESSAGE: client password must be a string\n    at Object.continueSession (C:\\Users\\Yan\\Desktop\\Projetos\\React\\patchwork-com-arte-node\\node_modules\\pg\\lib\\sasl.js:24:11)\n    at Client._handleAuthSASLContinue (C:\\Users\\Yan\\Desktop\\Projetos\\React\\patchwork-com-arte-node\\node_modules\\pg\\lib\\client.js:263:12)\n    at Connection.emit (node:events:513:28)\n    at Connection.emit (node:domain:489:12)\n    at C:\\Users\\Yan\\Desktop\\Projetos\\React\\patchwork-com-arte-node\\node_modules\\pg\\lib\\connection.js:116:12\n    at Parser.parse (C:\\Users\\Yan\\Desktop\\Projetos\\React\\patchwork-com-arte-node\\node_modules\\pg-protocol\\src\\parser.ts:104:9)\n    at Socket.<anonymous> (C:\\Users\\Yan\\Desktop\\Projetos\\React\\patchwork-com-arte-node\\node_modules\\pg-protocol\\src\\index.ts:7:48)\n    at Socket.emit (node:events:513:28)\n    at Socket.emit (node:domain:489:12)\n    at addChunk (node:internal/streams/readable:315:12)"}
info: Error conecting to server:  password authentication failed for user "postgre" {"code":"28P01","file":"auth.c","length":103,"line":"329","name":"error","routine":"auth_failed","severity":"FATAL","stack":"error: password authentication failed for user \"postgre\"\n    at Parser.parseErrorMessage (C:\\Users\\Yan\\Desktop\\Projetos\\React\\patchwork-com-arte-node\\node_modules\\pg-protocol\\src\\parser.ts:369:69)\n    at Parser.handlePacket (C:\\Users\\Yan\\Desktop\\Projetos\\React\\patchwork-com-arte-node\\node_modules\\pg-protocol\\src\\parser.ts:188:21)\n    at Parser.parse (C:\\Users\\Yan\\Desktop\\Projetos\\React\\patchwork-com-arte-node\\node_modules\\pg-protocol\\src\\parser.ts:103:30)\n    at Socket.<anonymous> (C:\\Users\\Yan\\Desktop\\Projetos\\React\\patchwork-com-arte-node\\node_modules\\pg-protocol\\src\\index.ts:7:48)\n    at Socket.emit (node:events:513:28)\n    at Socket.emit (node:domain:489:12)\n    at addChunk (node:internal/streams/readable:315:12)\n    at readableAddChunk (node:internal/streams/readable:289:9)\n    at Socket.Readable.push (node:internal/streams/readable:228:10)\n    at TCP.onStreamRead (node:internal/stream_base_commons:190:23)"}
info: Error conecting to server:  password authentication failed for user "postgre" {"code":"28P01","file":"auth.c","length":103,"line":"329","name":"error","routine":"auth_failed","severity":"FATAL","stack":"error: password authentication failed for user \"postgre\"\n    at Parser.parseErrorMessage (C:\\Users\\Yan\\Desktop\\Projetos\\React\\patchwork-com-arte-node\\node_modules\\pg-protocol\\src\\parser.ts:369:69)\n    at Parser.handlePacket (C:\\Users\\Yan\\Desktop\\Projetos\\React\\patchwork-com-arte-node\\node_modules\\pg-protocol\\src\\parser.ts:188:21)\n    at Parser.parse (C:\\Users\\Yan\\Desktop\\Projetos\\React\\patchwork-com-arte-node\\node_modules\\pg-protocol\\src\\parser.ts:103:30)\n    at Socket.<anonymous> (C:\\Users\\Yan\\Desktop\\Projetos\\React\\patchwork-com-arte-node\\node_modules\\pg-protocol\\src\\index.ts:7:48)\n    at Socket.emit (node:events:513:28)\n    at Socket.emit (node:domain:489:12)\n    at addChunk (node:internal/streams/readable:315:12)\n    at readableAddChunk (node:internal/streams/readable:289:9)\n    at Socket.Readable.push (node:internal/streams/readable:228:10)\n    at TCP.onStreamRead (node:internal/stream_base_commons:190:23)"}
info: Error conecting to server:  SASL: SCRAM-SERVER-FIRST-MESSAGE: client password must be a string {"stack":"Error: SASL: SCRAM-SERVER-FIRST-MESSAGE: client password must be a string\n    at Object.continueSession (C:\\Users\\Yan\\Desktop\\Projetos\\React\\patchwork-com-arte-node\\node_modules\\pg\\lib\\sasl.js:24:11)\n    at Client._handleAuthSASLContinue (C:\\Users\\Yan\\Desktop\\Projetos\\React\\patchwork-com-arte-node\\node_modules\\pg\\lib\\client.js:263:12)\n    at Connection.emit (node:events:513:28)\n    at Connection.emit (node:domain:489:12)\n    at C:\\Users\\Yan\\Desktop\\Projetos\\React\\patchwork-com-arte-node\\node_modules\\pg\\lib\\connection.js:116:12\n    at Parser.parse (C:\\Users\\Yan\\Desktop\\Projetos\\React\\patchwork-com-arte-node\\node_modules\\pg-protocol\\src\\parser.ts:104:9)\n    at Socket.<anonymous> (C:\\Users\\Yan\\Desktop\\Projetos\\React\\patchwork-com-arte-node\\node_modules\\pg-protocol\\src\\index.ts:7:48)\n    at Socket.emit (node:events:513:28)\n    at Socket.emit (node:domain:489:12)\n    at addChunk (node:internal/streams/readable:315:12)"}
info: Error conecting to server:  password authentication failed for user "postgre" {"code":"28P01","file":"auth.c","length":103,"line":"329","name":"error","routine":"auth_failed","severity":"FATAL","stack":"error: password authentication failed for user \"postgre\"\n    at Parser.parseErrorMessage (C:\\Users\\Yan\\Desktop\\Projetos\\React\\patchwork-com-arte-node\\node_modules\\pg-protocol\\src\\parser.ts:369:69)\n    at Parser.handlePacket (C:\\Users\\Yan\\Desktop\\Projetos\\React\\patchwork-com-arte-node\\node_modules\\pg-protocol\\src\\parser.ts:188:21)\n    at Parser.parse (C:\\Users\\Yan\\Desktop\\Projetos\\React\\patchwork-com-arte-node\\node_modules\\pg-protocol\\src\\parser.ts:103:30)\n    at Socket.<anonymous> (C:\\Users\\Yan\\Desktop\\Projetos\\React\\patchwork-com-arte-node\\node_modules\\pg-protocol\\src\\index.ts:7:48)\n    at Socket.emit (node:events:513:28)\n    at Socket.emit (node:domain:489:12)\n    at addChunk (node:internal/streams/readable:315:12)\n    at readableAddChunk (node:internal/streams/readable:289:9)\n    at Socket.Readable.push (node:internal/streams/readable:228:10)\n    at TCP.onStreamRead (node:internal/stream_base_commons:190:23)"}
info: Server starting at port 4000
info: Server starting at port 4000
info: Server starting at port 4000
info: Server starting at port 4001
info: Server starting at port 8000
info: Server starting at port 8000
info: Server starting at port 8000
info: Error conecting to server:  тип Unable to compile TypeScript:
[96msrc/entities/User.ts[0m:[93m3[0m:[93m2[0m - [91merror[0m[90m TS1238: [0mUnable to resolve signature of class decorator when called as an expression.
  The runtime will invoke the decorator with 2 arguments, but the decorator expects 1.

[7m3[0m @Entity()
[7m [0m [91m ~~~~~~~~[0m
[96msrc/entities/User.ts[0m:[93m5[0m:[93m4[0m - [91merror[0m[90m TS1240: [0mUnable to resolve signature of property decorator when called as an expression.
  Argument of type 'undefined' is not assignable to parameter of type 'Object'.

[7m5[0m   @PrimaryGeneratedColumn()
[7m [0m [91m   ~~~~~~~~~~~~~~~~~~~~~~~~[0m
[96msrc/entities/User.ts[0m:[93m6[0m:[93m3[0m - [91merror[0m[90m TS2564: [0mProperty 'id' has no initializer and is not definitely assigned in the constructor.

[7m6[0m   id: number;
[7m [0m [91m  ~~[0m
[96msrc/entities/User.ts[0m:[93m8[0m:[93m4[0m - [91merror[0m[90m TS1240: [0mUnable to resolve signature of property decorator when called as an expression.
  Argument of type 'undefined' is not assignable to parameter of type 'Object'.

[7m8[0m   @Column()
[7m [0m [91m   ~~~~~~~~[0m
[96msrc/entities/User.ts[0m:[93m9[0m:[93m3[0m - [91merror[0m[90m TS2564: [0mProperty 'name' has no initializer and is not definitely assigned in the constructor.

[7m9[0m   name: string;
[7m [0m [91m  ~~~~[0m
[96msrc/entities/User.ts[0m:[93m11[0m:[93m4[0m - [91merror[0m[90m TS1240: [0mUnable to resolve signature of property decorator when called as an expression.
  Argument of type 'undefined' is not assignable to parameter of type 'Object'.

[7m11[0m   @Column()
[7m  [0m [91m   ~~~~~~~~[0m
[96msrc/entities/User.ts[0m:[93m12[0m:[93m3[0m - [91merror[0m[90m TS2564: [0mProperty 'email' has no initializer and is not definitely assigned in the constructor.

[7m12[0m   email: string;
[7m  [0m [91m  ~~~~~[0m
[96msrc/entities/User.ts[0m:[93m14[0m:[93m4[0m - [91merror[0m[90m TS1240: [0mUnable to resolve signature of property decorator when called as an expression.
  Argument of type 'undefined' is not assignable to parameter of type 'Object'.

[7m14[0m   @Column()
[7m  [0m [91m   ~~~~~~~~[0m
[96msrc/entities/User.ts[0m:[93m15[0m:[93m3[0m - [91merror[0m[90m TS2564: [0mProperty 'password' has no initializer and is not definitely assigned in the constructor.

[7m15[0m   password: string;
[7m  [0m [91m  ~~~~~~~~[0m
 {"diagnosticCodes":[1238,1240,2564,1240,2564,1240,2564,1240,2564],"stack":"TSError: тип Unable to compile TypeScript:\n\u001b[96msrc/entities/User.ts\u001b[0m:\u001b[93m3\u001b[0m:\u001b[93m2\u001b[0m - \u001b[91merror\u001b[0m\u001b[90m TS1238: \u001b[0mUnable to resolve signature of class decorator when called as an expression.\r\n  The runtime will invoke the decorator with 2 arguments, but the decorator expects 1.\r\n\r\n\u001b[7m3\u001b[0m @Entity()\r\n\u001b[7m \u001b[0m \u001b[91m ~~~~~~~~\u001b[0m\r\n\u001b[96msrc/entities/User.ts\u001b[0m:\u001b[93m5\u001b[0m:\u001b[93m4\u001b[0m - \u001b[91merror\u001b[0m\u001b[90m TS1240: \u001b[0mUnable to resolve signature of property decorator when called as an expression.\r\n  Argument of type 'undefined' is not assignable to parameter of type 'Object'.\r\n\r\n\u001b[7m5\u001b[0m   @PrimaryGeneratedColumn()\r\n\u001b[7m \u001b[0m \u001b[91m   ~~~~~~~~~~~~~~~~~~~~~~~~\u001b[0m\r\n\u001b[96msrc/entities/User.ts\u001b[0m:\u001b[93m6\u001b[0m:\u001b[93m3\u001b[0m - \u001b[91merror\u001b[0m\u001b[90m TS2564: \u001b[0mProperty 'id' has no initializer and is not definitely assigned in the constructor.\r\n\r\n\u001b[7m6\u001b[0m   id: number;\r\n\u001b[7m \u001b[0m \u001b[91m  ~~\u001b[0m\r\n\u001b[96msrc/entities/User.ts\u001b[0m:\u001b[93m8\u001b[0m:\u001b[93m4\u001b[0m - \u001b[91merror\u001b[0m\u001b[90m TS1240: \u001b[0mUnable to resolve signature of property decorator when called as an expression.\r\n  Argument of type 'undefined' is not assignable to parameter of type 'Object'.\r\n\r\n\u001b[7m8\u001b[0m   @Column()\r\n\u001b[7m \u001b[0m \u001b[91m   ~~~~~~~~\u001b[0m\r\n\u001b[96msrc/entities/User.ts\u001b[0m:\u001b[93m9\u001b[0m:\u001b[93m3\u001b[0m - \u001b[91merror\u001b[0m\u001b[90m TS2564: \u001b[0mProperty 'name' has no initializer and is not definitely assigned in the constructor.\r\n\r\n\u001b[7m9\u001b[0m   name: string;\r\n\u001b[7m \u001b[0m \u001b[91m  ~~~~\u001b[0m\r\n\u001b[96msrc/entities/User.ts\u001b[0m:\u001b[93m11\u001b[0m:\u001b[93m4\u001b[0m - \u001b[91merror\u001b[0m\u001b[90m TS1240: \u001b[0mUnable to resolve signature of property decorator when called as an expression.\r\n  Argument of type 'undefined' is not assignable to parameter of type 'Object'.\r\n\r\n\u001b[7m11\u001b[0m   @Column()\r\n\u001b[7m  \u001b[0m \u001b[91m   ~~~~~~~~\u001b[0m\r\n\u001b[96msrc/entities/User.ts\u001b[0m:\u001b[93m12\u001b[0m:\u001b[93m3\u001b[0m - \u001b[91merror\u001b[0m\u001b[90m TS2564: \u001b[0mProperty 'email' has no initializer and is not definitely assigned in the constructor.\r\n\r\n\u001b[7m12\u001b[0m   email: string;\r\n\u001b[7m  \u001b[0m \u001b[91m  ~~~~~\u001b[0m\r\n\u001b[96msrc/entities/User.ts\u001b[0m:\u001b[93m14\u001b[0m:\u001b[93m4\u001b[0m - \u001b[91merror\u001b[0m\u001b[90m TS1240: \u001b[0mUnable to resolve signature of property decorator when called as an expression.\r\n  Argument of type 'undefined' is not assignable to parameter of type 'Object'.\r\n\r\n\u001b[7m14\u001b[0m   @Column()\r\n\u001b[7m  \u001b[0m \u001b[91m   ~~~~~~~~\u001b[0m\r\n\u001b[96msrc/entities/User.ts\u001b[0m:\u001b[93m15\u001b[0m:\u001b[93m3\u001b[0m - \u001b[91merror\u001b[0m\u001b[90m TS2564: \u001b[0mProperty 'password' has no initializer and is not definitely assigned in the constructor.\r\n\r\n\u001b[7m15\u001b[0m   password: string;\r\n\u001b[7m  \u001b[0m \u001b[91m  ~~~~~~~~\u001b[0m\r\n\n    at createTSError (C:\\Users\\Yan\\Desktop\\Projetos\\React\\patchwork-com-arte-node\\node_modules\\ts-node\\src\\index.ts:859:12)\n    at reportTSError (C:\\Users\\Yan\\Desktop\\Projetos\\React\\patchwork-com-arte-node\\node_modules\\ts-node\\src\\index.ts:863:19)\n    at getOutput (C:\\Users\\Yan\\Desktop\\Projetos\\React\\patchwork-com-arte-node\\node_modules\\ts-node\\src\\index.ts:1077:36)\n    at Object.compile (C:\\Users\\Yan\\Desktop\\Projetos\\React\\patchwork-com-arte-node\\node_modules\\ts-node\\src\\index.ts:1433:41)\n    at Module.m._compile (C:\\Users\\Yan\\Desktop\\Projetos\\React\\patchwork-com-arte-node\\node_modules\\ts-node\\src\\index.ts:1617:30)\n    at Module._extensions..js (node:internal/modules/cjs/loader:1180:10)\n    at Object.require.extensions.<computed> [as .ts] (C:\\Users\\Yan\\Desktop\\Projetos\\React\\patchwork-com-arte-node\\node_modules\\ts-node\\src\\index.ts:1621:12)\n    at Module.load (node:internal/modules/cjs/loader:1004:32)\n    at Function.Module._load (node:internal/modules/cjs/loader:839:12)\n    at Module.require (node:internal/modules/cjs/loader:1028:19)"}
info: Error conecting to server:  тип Unable to compile TypeScript:
[96msrc/entities/User.ts[0m:[93m3[0m:[93m2[0m - [91merror[0m[90m TS1238: [0mUnable to resolve signature of class decorator when called as an expression.
  The runtime will invoke the decorator with 2 arguments, but the decorator expects 1.

[7m3[0m @Entity()
[7m [0m [91m ~~~~~~~~[0m
[96msrc/entities/User.ts[0m:[93m5[0m:[93m4[0m - [91merror[0m[90m TS1240: [0mUnable to resolve signature of property decorator when called as an expression.
  Argument of type 'undefined' is not assignable to parameter of type 'Object'.

[7m5[0m   @PrimaryGeneratedColumn()
[7m [0m [91m   ~~~~~~~~~~~~~~~~~~~~~~~~[0m
[96msrc/entities/User.ts[0m:[93m6[0m:[93m3[0m - [91merror[0m[90m TS2564: [0mProperty 'id' has no initializer and is not definitely assigned in the constructor.

[7m6[0m   id: number;
[7m [0m [91m  ~~[0m
[96msrc/entities/User.ts[0m:[93m8[0m:[93m4[0m - [91merror[0m[90m TS1240: [0mUnable to resolve signature of property decorator when called as an expression.
  Argument of type 'undefined' is not assignable to parameter of type 'Object'.

[7m8[0m   @Column()
[7m [0m [91m   ~~~~~~~~[0m
[96msrc/entities/User.ts[0m:[93m9[0m:[93m3[0m - [91merror[0m[90m TS2564: [0mProperty 'name' has no initializer and is not definitely assigned in the constructor.

[7m9[0m   name: string;
[7m [0m [91m  ~~~~[0m
[96msrc/entities/User.ts[0m:[93m11[0m:[93m4[0m - [91merror[0m[90m TS1240: [0mUnable to resolve signature of property decorator when called as an expression.
  Argument of type 'undefined' is not assignable to parameter of type 'Object'.

[7m11[0m   @Column()
[7m  [0m [91m   ~~~~~~~~[0m
[96msrc/entities/User.ts[0m:[93m12[0m:[93m3[0m - [91merror[0m[90m TS2564: [0mProperty 'email' has no initializer and is not definitely assigned in the constructor.

[7m12[0m   email: string;
[7m  [0m [91m  ~~~~~[0m
[96msrc/entities/User.ts[0m:[93m14[0m:[93m4[0m - [91merror[0m[90m TS1240: [0mUnable to resolve signature of property decorator when called as an expression.
  Argument of type 'undefined' is not assignable to parameter of type 'Object'.

[7m14[0m   @Column()
[7m  [0m [91m   ~~~~~~~~[0m
[96msrc/entities/User.ts[0m:[93m15[0m:[93m3[0m - [91merror[0m[90m TS2564: [0mProperty 'password' has no initializer and is not definitely assigned in the constructor.

[7m15[0m   password: string;
[7m  [0m [91m  ~~~~~~~~[0m
 {"diagnosticCodes":[1238,1240,2564,1240,2564,1240,2564,1240,2564],"stack":"TSError: тип Unable to compile TypeScript:\n\u001b[96msrc/entities/User.ts\u001b[0m:\u001b[93m3\u001b[0m:\u001b[93m2\u001b[0m - \u001b[91merror\u001b[0m\u001b[90m TS1238: \u001b[0mUnable to resolve signature of class decorator when called as an expression.\r\n  The runtime will invoke the decorator with 2 arguments, but the decorator expects 1.\r\n\r\n\u001b[7m3\u001b[0m @Entity()\r\n\u001b[7m \u001b[0m \u001b[91m ~~~~~~~~\u001b[0m\r\n\u001b[96msrc/entities/User.ts\u001b[0m:\u001b[93m5\u001b[0m:\u001b[93m4\u001b[0m - \u001b[91merror\u001b[0m\u001b[90m TS1240: \u001b[0mUnable to resolve signature of property decorator when called as an expression.\r\n  Argument of type 'undefined' is not assignable to parameter of type 'Object'.\r\n\r\n\u001b[7m5\u001b[0m   @PrimaryGeneratedColumn()\r\n\u001b[7m \u001b[0m \u001b[91m   ~~~~~~~~~~~~~~~~~~~~~~~~\u001b[0m\r\n\u001b[96msrc/entities/User.ts\u001b[0m:\u001b[93m6\u001b[0m:\u001b[93m3\u001b[0m - \u001b[91merror\u001b[0m\u001b[90m TS2564: \u001b[0mProperty 'id' has no initializer and is not definitely assigned in the constructor.\r\n\r\n\u001b[7m6\u001b[0m   id: number;\r\n\u001b[7m \u001b[0m \u001b[91m  ~~\u001b[0m\r\n\u001b[96msrc/entities/User.ts\u001b[0m:\u001b[93m8\u001b[0m:\u001b[93m4\u001b[0m - \u001b[91merror\u001b[0m\u001b[90m TS1240: \u001b[0mUnable to resolve signature of property decorator when called as an expression.\r\n  Argument of type 'undefined' is not assignable to parameter of type 'Object'.\r\n\r\n\u001b[7m8\u001b[0m   @Column()\r\n\u001b[7m \u001b[0m \u001b[91m   ~~~~~~~~\u001b[0m\r\n\u001b[96msrc/entities/User.ts\u001b[0m:\u001b[93m9\u001b[0m:\u001b[93m3\u001b[0m - \u001b[91merror\u001b[0m\u001b[90m TS2564: \u001b[0mProperty 'name' has no initializer and is not definitely assigned in the constructor.\r\n\r\n\u001b[7m9\u001b[0m   name: string;\r\n\u001b[7m \u001b[0m \u001b[91m  ~~~~\u001b[0m\r\n\u001b[96msrc/entities/User.ts\u001b[0m:\u001b[93m11\u001b[0m:\u001b[93m4\u001b[0m - \u001b[91merror\u001b[0m\u001b[90m TS1240: \u001b[0mUnable to resolve signature of property decorator when called as an expression.\r\n  Argument of type 'undefined' is not assignable to parameter of type 'Object'.\r\n\r\n\u001b[7m11\u001b[0m   @Column()\r\n\u001b[7m  \u001b[0m \u001b[91m   ~~~~~~~~\u001b[0m\r\n\u001b[96msrc/entities/User.ts\u001b[0m:\u001b[93m12\u001b[0m:\u001b[93m3\u001b[0m - \u001b[91merror\u001b[0m\u001b[90m TS2564: \u001b[0mProperty 'email' has no initializer and is not definitely assigned in the constructor.\r\n\r\n\u001b[7m12\u001b[0m   email: string;\r\n\u001b[7m  \u001b[0m \u001b[91m  ~~~~~\u001b[0m\r\n\u001b[96msrc/entities/User.ts\u001b[0m:\u001b[93m14\u001b[0m:\u001b[93m4\u001b[0m - \u001b[91merror\u001b[0m\u001b[90m TS1240: \u001b[0mUnable to resolve signature of property decorator when called as an expression.\r\n  Argument of type 'undefined' is not assignable to parameter of type 'Object'.\r\n\r\n\u001b[7m14\u001b[0m   @Column()\r\n\u001b[7m  \u001b[0m \u001b[91m   ~~~~~~~~\u001b[0m\r\n\u001b[96msrc/entities/User.ts\u001b[0m:\u001b[93m15\u001b[0m:\u001b[93m3\u001b[0m - \u001b[91merror\u001b[0m\u001b[90m TS2564: \u001b[0mProperty 'password' has no initializer and is not definitely assigned in the constructor.\r\n\r\n\u001b[7m15\u001b[0m   password: string;\r\n\u001b[7m  \u001b[0m \u001b[91m  ~~~~~~~~\u001b[0m\r\n\n    at createTSError (C:\\Users\\Yan\\Desktop\\Projetos\\React\\patchwork-com-arte-node\\node_modules\\ts-node\\src\\index.ts:859:12)\n    at reportTSError (C:\\Users\\Yan\\Desktop\\Projetos\\React\\patchwork-com-arte-node\\node_modules\\ts-node\\src\\index.ts:863:19)\n    at getOutput (C:\\Users\\Yan\\Desktop\\Projetos\\React\\patchwork-com-arte-node\\node_modules\\ts-node\\src\\index.ts:1077:36)\n    at Object.compile (C:\\Users\\Yan\\Desktop\\Projetos\\React\\patchwork-com-arte-node\\node_modules\\ts-node\\src\\index.ts:1433:41)\n    at Module.m._compile (C:\\Users\\Yan\\Desktop\\Projetos\\React\\patchwork-com-arte-node\\node_modules\\ts-node\\src\\index.ts:1617:30)\n    at Module._extensions..js (node:internal/modules/cjs/loader:1180:10)\n    at Object.require.extensions.<computed> [as .ts] (C:\\Users\\Yan\\Desktop\\Projetos\\React\\patchwork-com-arte-node\\node_modules\\ts-node\\src\\index.ts:1621:12)\n    at Module.load (node:internal/modules/cjs/loader:1004:32)\n    at Function.Module._load (node:internal/modules/cjs/loader:839:12)\n    at Module.require (node:internal/modules/cjs/loader:1028:19)"}
info: Error conecting to server:  тип Unable to compile TypeScript:
[96msrc/entities/User.ts[0m:[93m3[0m:[93m2[0m - [91merror[0m[90m TS1238: [0mUnable to resolve signature of class decorator when called as an expression.
  The runtime will invoke the decorator with 2 arguments, but the decorator expects 1.

[7m3[0m @Entity()
[7m [0m [91m ~~~~~~~~[0m
[96msrc/entities/User.ts[0m:[93m5[0m:[93m4[0m - [91merror[0m[90m TS1240: [0mUnable to resolve signature of property decorator when called as an expression.
  Argument of type 'undefined' is not assignable to parameter of type 'Object'.

[7m5[0m   @PrimaryGeneratedColumn()
[7m [0m [91m   ~~~~~~~~~~~~~~~~~~~~~~~~[0m
[96msrc/entities/User.ts[0m:[93m6[0m:[93m3[0m - [91merror[0m[90m TS2564: [0mProperty 'id' has no initializer and is not definitely assigned in the constructor.

[7m6[0m   id: number;
[7m [0m [91m  ~~[0m
[96msrc/entities/User.ts[0m:[93m8[0m:[93m4[0m - [91merror[0m[90m TS1240: [0mUnable to resolve signature of property decorator when called as an expression.
  Argument of type 'undefined' is not assignable to parameter of type 'Object'.

[7m8[0m   @Column()
[7m [0m [91m   ~~~~~~~~[0m
[96msrc/entities/User.ts[0m:[93m9[0m:[93m3[0m - [91merror[0m[90m TS2564: [0mProperty 'name' has no initializer and is not definitely assigned in the constructor.

[7m9[0m   name: string;
[7m [0m [91m  ~~~~[0m
[96msrc/entities/User.ts[0m:[93m11[0m:[93m4[0m - [91merror[0m[90m TS1240: [0mUnable to resolve signature of property decorator when called as an expression.
  Argument of type 'undefined' is not assignable to parameter of type 'Object'.

[7m11[0m   @Column()
[7m  [0m [91m   ~~~~~~~~[0m
[96msrc/entities/User.ts[0m:[93m12[0m:[93m3[0m - [91merror[0m[90m TS2564: [0mProperty 'email' has no initializer and is not definitely assigned in the constructor.

[7m12[0m   email: string;
[7m  [0m [91m  ~~~~~[0m
[96msrc/entities/User.ts[0m:[93m14[0m:[93m4[0m - [91merror[0m[90m TS1240: [0mUnable to resolve signature of property decorator when called as an expression.
  Argument of type 'undefined' is not assignable to parameter of type 'Object'.

[7m14[0m   @Column()
[7m  [0m [91m   ~~~~~~~~[0m
[96msrc/entities/User.ts[0m:[93m15[0m:[93m3[0m - [91merror[0m[90m TS2564: [0mProperty 'password' has no initializer and is not definitely assigned in the constructor.

[7m15[0m   password: string;
[7m  [0m [91m  ~~~~~~~~[0m
 {"diagnosticCodes":[1238,1240,2564,1240,2564,1240,2564,1240,2564],"stack":"TSError: тип Unable to compile TypeScript:\n\u001b[96msrc/entities/User.ts\u001b[0m:\u001b[93m3\u001b[0m:\u001b[93m2\u001b[0m - \u001b[91merror\u001b[0m\u001b[90m TS1238: \u001b[0mUnable to resolve signature of class decorator when called as an expression.\r\n  The runtime will invoke the decorator with 2 arguments, but the decorator expects 1.\r\n\r\n\u001b[7m3\u001b[0m @Entity()\r\n\u001b[7m \u001b[0m \u001b[91m ~~~~~~~~\u001b[0m\r\n\u001b[96msrc/entities/User.ts\u001b[0m:\u001b[93m5\u001b[0m:\u001b[93m4\u001b[0m - \u001b[91merror\u001b[0m\u001b[90m TS1240: \u001b[0mUnable to resolve signature of property decorator when called as an expression.\r\n  Argument of type 'undefined' is not assignable to parameter of type 'Object'.\r\n\r\n\u001b[7m5\u001b[0m   @PrimaryGeneratedColumn()\r\n\u001b[7m \u001b[0m \u001b[91m   ~~~~~~~~~~~~~~~~~~~~~~~~\u001b[0m\r\n\u001b[96msrc/entities/User.ts\u001b[0m:\u001b[93m6\u001b[0m:\u001b[93m3\u001b[0m - \u001b[91merror\u001b[0m\u001b[90m TS2564: \u001b[0mProperty 'id' has no initializer and is not definitely assigned in the constructor.\r\n\r\n\u001b[7m6\u001b[0m   id: number;\r\n\u001b[7m \u001b[0m \u001b[91m  ~~\u001b[0m\r\n\u001b[96msrc/entities/User.ts\u001b[0m:\u001b[93m8\u001b[0m:\u001b[93m4\u001b[0m - \u001b[91merror\u001b[0m\u001b[90m TS1240: \u001b[0mUnable to resolve signature of property decorator when called as an expression.\r\n  Argument of type 'undefined' is not assignable to parameter of type 'Object'.\r\n\r\n\u001b[7m8\u001b[0m   @Column()\r\n\u001b[7m \u001b[0m \u001b[91m   ~~~~~~~~\u001b[0m\r\n\u001b[96msrc/entities/User.ts\u001b[0m:\u001b[93m9\u001b[0m:\u001b[93m3\u001b[0m - \u001b[91merror\u001b[0m\u001b[90m TS2564: \u001b[0mProperty 'name' has no initializer and is not definitely assigned in the constructor.\r\n\r\n\u001b[7m9\u001b[0m   name: string;\r\n\u001b[7m \u001b[0m \u001b[91m  ~~~~\u001b[0m\r\n\u001b[96msrc/entities/User.ts\u001b[0m:\u001b[93m11\u001b[0m:\u001b[93m4\u001b[0m - \u001b[91merror\u001b[0m\u001b[90m TS1240: \u001b[0mUnable to resolve signature of property decorator when called as an expression.\r\n  Argument of type 'undefined' is not assignable to parameter of type 'Object'.\r\n\r\n\u001b[7m11\u001b[0m   @Column()\r\n\u001b[7m  \u001b[0m \u001b[91m   ~~~~~~~~\u001b[0m\r\n\u001b[96msrc/entities/User.ts\u001b[0m:\u001b[93m12\u001b[0m:\u001b[93m3\u001b[0m - \u001b[91merror\u001b[0m\u001b[90m TS2564: \u001b[0mProperty 'email' has no initializer and is not definitely assigned in the constructor.\r\n\r\n\u001b[7m12\u001b[0m   email: string;\r\n\u001b[7m  \u001b[0m \u001b[91m  ~~~~~\u001b[0m\r\n\u001b[96msrc/entities/User.ts\u001b[0m:\u001b[93m14\u001b[0m:\u001b[93m4\u001b[0m - \u001b[91merror\u001b[0m\u001b[90m TS1240: \u001b[0mUnable to resolve signature of property decorator when called as an expression.\r\n  Argument of type 'undefined' is not assignable to parameter of type 'Object'.\r\n\r\n\u001b[7m14\u001b[0m   @Column()\r\n\u001b[7m  \u001b[0m \u001b[91m   ~~~~~~~~\u001b[0m\r\n\u001b[96msrc/entities/User.ts\u001b[0m:\u001b[93m15\u001b[0m:\u001b[93m3\u001b[0m - \u001b[91merror\u001b[0m\u001b[90m TS2564: \u001b[0mProperty 'password' has no initializer and is not definitely assigned in the constructor.\r\n\r\n\u001b[7m15\u001b[0m   password: string;\r\n\u001b[7m  \u001b[0m \u001b[91m  ~~~~~~~~\u001b[0m\r\n\n    at createTSError (C:\\Users\\Yan\\Desktop\\Projetos\\React\\patchwork-com-arte-node\\node_modules\\ts-node\\src\\index.ts:859:12)\n    at reportTSError (C:\\Users\\Yan\\Desktop\\Projetos\\React\\patchwork-com-arte-node\\node_modules\\ts-node\\src\\index.ts:863:19)\n    at getOutput (C:\\Users\\Yan\\Desktop\\Projetos\\React\\patchwork-com-arte-node\\node_modules\\ts-node\\src\\index.ts:1077:36)\n    at Object.compile (C:\\Users\\Yan\\Desktop\\Projetos\\React\\patchwork-com-arte-node\\node_modules\\ts-node\\src\\index.ts:1433:41)\n    at Module.m._compile (C:\\Users\\Yan\\Desktop\\Projetos\\React\\patchwork-com-arte-node\\node_modules\\ts-node\\src\\index.ts:1617:30)\n    at Module._extensions..js (node:internal/modules/cjs/loader:1180:10)\n    at Object.require.extensions.<computed> [as .ts] (C:\\Users\\Yan\\Desktop\\Projetos\\React\\patchwork-com-arte-node\\node_modules\\ts-node\\src\\index.ts:1621:12)\n    at Module.load (node:internal/modules/cjs/loader:1004:32)\n    at Function.Module._load (node:internal/modules/cjs/loader:839:12)\n    at Module.require (node:internal/modules/cjs/loader:1028:19)"}
info: Error conecting to server:  тип Unable to compile TypeScript:
[96msrc/entities/User.ts[0m:[93m3[0m:[93m2[0m - [91merror[0m[90m TS1238: [0mUnable to resolve signature of class decorator when called as an expression.
  The runtime will invoke the decorator with 2 arguments, but the decorator expects 1.

[7m3[0m @Entity()
[7m [0m [91m ~~~~~~~~[0m
[96msrc/entities/User.ts[0m:[93m5[0m:[93m4[0m - [91merror[0m[90m TS1240: [0mUnable to resolve signature of property decorator when called as an expression.
  Argument of type 'undefined' is not assignable to parameter of type 'Object'.

[7m5[0m   @PrimaryGeneratedColumn()
[7m [0m [91m   ~~~~~~~~~~~~~~~~~~~~~~~~[0m
[96msrc/entities/User.ts[0m:[93m6[0m:[93m3[0m - [91merror[0m[90m TS2564: [0mProperty 'id' has no initializer and is not definitely assigned in the constructor.

[7m6[0m   id: number;
[7m [0m [91m  ~~[0m
[96msrc/entities/User.ts[0m:[93m8[0m:[93m4[0m - [91merror[0m[90m TS1240: [0mUnable to resolve signature of property decorator when called as an expression.
  Argument of type 'undefined' is not assignable to parameter of type 'Object'.

[7m8[0m   @Column()
[7m [0m [91m   ~~~~~~~~[0m
[96msrc/entities/User.ts[0m:[93m9[0m:[93m3[0m - [91merror[0m[90m TS2564: [0mProperty 'name' has no initializer and is not definitely assigned in the constructor.

[7m9[0m   name: string;
[7m [0m [91m  ~~~~[0m
[96msrc/entities/User.ts[0m:[93m11[0m:[93m4[0m - [91merror[0m[90m TS1240: [0mUnable to resolve signature of property decorator when called as an expression.
  Argument of type 'undefined' is not assignable to parameter of type 'Object'.

[7m11[0m   @Column()
[7m  [0m [91m   ~~~~~~~~[0m
[96msrc/entities/User.ts[0m:[93m12[0m:[93m3[0m - [91merror[0m[90m TS2564: [0mProperty 'email' has no initializer and is not definitely assigned in the constructor.

[7m12[0m   email: string;
[7m  [0m [91m  ~~~~~[0m
[96msrc/entities/User.ts[0m:[93m14[0m:[93m4[0m - [91merror[0m[90m TS1240: [0mUnable to resolve signature of property decorator when called as an expression.
  Argument of type 'undefined' is not assignable to parameter of type 'Object'.

[7m14[0m   @Column()
[7m  [0m [91m   ~~~~~~~~[0m
[96msrc/entities/User.ts[0m:[93m15[0m:[93m3[0m - [91merror[0m[90m TS2564: [0mProperty 'password' has no initializer and is not definitely assigned in the constructor.

[7m15[0m   password: string;
[7m  [0m [91m  ~~~~~~~~[0m
 {"diagnosticCodes":[1238,1240,2564,1240,2564,1240,2564,1240,2564],"stack":"TSError: тип Unable to compile TypeScript:\n\u001b[96msrc/entities/User.ts\u001b[0m:\u001b[93m3\u001b[0m:\u001b[93m2\u001b[0m - \u001b[91merror\u001b[0m\u001b[90m TS1238: \u001b[0mUnable to resolve signature of class decorator when called as an expression.\r\n  The runtime will invoke the decorator with 2 arguments, but the decorator expects 1.\r\n\r\n\u001b[7m3\u001b[0m @Entity()\r\n\u001b[7m \u001b[0m \u001b[91m ~~~~~~~~\u001b[0m\r\n\u001b[96msrc/entities/User.ts\u001b[0m:\u001b[93m5\u001b[0m:\u001b[93m4\u001b[0m - \u001b[91merror\u001b[0m\u001b[90m TS1240: \u001b[0mUnable to resolve signature of property decorator when called as an expression.\r\n  Argument of type 'undefined' is not assignable to parameter of type 'Object'.\r\n\r\n\u001b[7m5\u001b[0m   @PrimaryGeneratedColumn()\r\n\u001b[7m \u001b[0m \u001b[91m   ~~~~~~~~~~~~~~~~~~~~~~~~\u001b[0m\r\n\u001b[96msrc/entities/User.ts\u001b[0m:\u001b[93m6\u001b[0m:\u001b[93m3\u001b[0m - \u001b[91merror\u001b[0m\u001b[90m TS2564: \u001b[0mProperty 'id' has no initializer and is not definitely assigned in the constructor.\r\n\r\n\u001b[7m6\u001b[0m   id: number;\r\n\u001b[7m \u001b[0m \u001b[91m  ~~\u001b[0m\r\n\u001b[96msrc/entities/User.ts\u001b[0m:\u001b[93m8\u001b[0m:\u001b[93m4\u001b[0m - \u001b[91merror\u001b[0m\u001b[90m TS1240: \u001b[0mUnable to resolve signature of property decorator when called as an expression.\r\n  Argument of type 'undefined' is not assignable to parameter of type 'Object'.\r\n\r\n\u001b[7m8\u001b[0m   @Column()\r\n\u001b[7m \u001b[0m \u001b[91m   ~~~~~~~~\u001b[0m\r\n\u001b[96msrc/entities/User.ts\u001b[0m:\u001b[93m9\u001b[0m:\u001b[93m3\u001b[0m - \u001b[91merror\u001b[0m\u001b[90m TS2564: \u001b[0mProperty 'name' has no initializer and is not definitely assigned in the constructor.\r\n\r\n\u001b[7m9\u001b[0m   name: string;\r\n\u001b[7m \u001b[0m \u001b[91m  ~~~~\u001b[0m\r\n\u001b[96msrc/entities/User.ts\u001b[0m:\u001b[93m11\u001b[0m:\u001b[93m4\u001b[0m - \u001b[91merror\u001b[0m\u001b[90m TS1240: \u001b[0mUnable to resolve signature of property decorator when called as an expression.\r\n  Argument of type 'undefined' is not assignable to parameter of type 'Object'.\r\n\r\n\u001b[7m11\u001b[0m   @Column()\r\n\u001b[7m  \u001b[0m \u001b[91m   ~~~~~~~~\u001b[0m\r\n\u001b[96msrc/entities/User.ts\u001b[0m:\u001b[93m12\u001b[0m:\u001b[93m3\u001b[0m - \u001b[91merror\u001b[0m\u001b[90m TS2564: \u001b[0mProperty 'email' has no initializer and is not definitely assigned in the constructor.\r\n\r\n\u001b[7m12\u001b[0m   email: string;\r\n\u001b[7m  \u001b[0m \u001b[91m  ~~~~~\u001b[0m\r\n\u001b[96msrc/entities/User.ts\u001b[0m:\u001b[93m14\u001b[0m:\u001b[93m4\u001b[0m - \u001b[91merror\u001b[0m\u001b[90m TS1240: \u001b[0mUnable to resolve signature of property decorator when called as an expression.\r\n  Argument of type 'undefined' is not assignable to parameter of type 'Object'.\r\n\r\n\u001b[7m14\u001b[0m   @Column()\r\n\u001b[7m  \u001b[0m \u001b[91m   ~~~~~~~~\u001b[0m\r\n\u001b[96msrc/entities/User.ts\u001b[0m:\u001b[93m15\u001b[0m:\u001b[93m3\u001b[0m - \u001b[91merror\u001b[0m\u001b[90m TS2564: \u001b[0mProperty 'password' has no initializer and is not definitely assigned in the constructor.\r\n\r\n\u001b[7m15\u001b[0m   password: string;\r\n\u001b[7m  \u001b[0m \u001b[91m  ~~~~~~~~\u001b[0m\r\n\n    at createTSError (C:\\Users\\Yan\\Desktop\\Projetos\\React\\patchwork-com-arte-node\\node_modules\\ts-node\\src\\index.ts:859:12)\n    at reportTSError (C:\\Users\\Yan\\Desktop\\Projetos\\React\\patchwork-com-arte-node\\node_modules\\ts-node\\src\\index.ts:863:19)\n    at getOutput (C:\\Users\\Yan\\Desktop\\Projetos\\React\\patchwork-com-arte-node\\node_modules\\ts-node\\src\\index.ts:1077:36)\n    at Object.compile (C:\\Users\\Yan\\Desktop\\Projetos\\React\\patchwork-com-arte-node\\node_modules\\ts-node\\src\\index.ts:1433:41)\n    at Module.m._compile (C:\\Users\\Yan\\Desktop\\Projetos\\React\\patchwork-com-arte-node\\node_modules\\ts-node\\src\\index.ts:1617:30)\n    at Module._extensions..js (node:internal/modules/cjs/loader:1180:10)\n    at Object.require.extensions.<computed> [as .ts] (C:\\Users\\Yan\\Desktop\\Projetos\\React\\patchwork-com-arte-node\\node_modules\\ts-node\\src\\index.ts:1621:12)\n    at Module.load (node:internal/modules/cjs/loader:1004:32)\n    at Function.Module._load (node:internal/modules/cjs/loader:839:12)\n    at Module.require (node:internal/modules/cjs/loader:1028:19)"}
info: Server starting at port 8000
info: Server starting at port 8000
info: Error conecting to server:  Cannot convert undefined or null to object {"stack":"TypeError: Cannot convert undefined or null to object\n    at Function.entries (<anonymous>)\n    at validEnumValues (C:\\Users\\Yan\\Desktop\\Projetos\\React\\patchwork-com-arte-node\\node_modules\\src\\decorator\\typechecker\\IsEnum.ts:18:17)\n    at IsEnum (C:\\Users\\Yan\\Desktop\\Projetos\\React\\patchwork-com-arte-node\\node_modules\\src\\decorator\\typechecker\\IsEnum.ts:30:29)\n    at Object.<anonymous> (C:\\Users\\Yan\\Desktop\\Projetos\\React\\patchwork-com-arte-node\\src\\entities\\dto\\UserValidation.ts:5:10)\n    at Module._compile (node:internal/modules/cjs/loader:1126:14)\n    at Module.m._compile (C:\\Users\\Yan\\Desktop\\Projetos\\React\\patchwork-com-arte-node\\node_modules\\ts-node\\src\\index.ts:1618:23)\n    at Module._extensions..js (node:internal/modules/cjs/loader:1180:10)\n    at Object.require.extensions.<computed> [as .ts] (C:\\Users\\Yan\\Desktop\\Projetos\\React\\patchwork-com-arte-node\\node_modules\\ts-node\\src\\index.ts:1621:12)\n    at Module.load (node:internal/modules/cjs/loader:1004:32)\n    at Function.Module._load (node:internal/modules/cjs/loader:839:12)"}
info: Error conecting to server:  Cannot convert undefined or null to object {"stack":"TypeError: Cannot convert undefined or null to object\n    at Function.entries (<anonymous>)\n    at validEnumValues (C:\\Users\\Yan\\Desktop\\Projetos\\React\\patchwork-com-arte-node\\node_modules\\src\\decorator\\typechecker\\IsEnum.ts:18:17)\n    at IsEnum (C:\\Users\\Yan\\Desktop\\Projetos\\React\\patchwork-com-arte-node\\node_modules\\src\\decorator\\typechecker\\IsEnum.ts:30:29)\n    at Object.<anonymous> (C:\\Users\\Yan\\Desktop\\Projetos\\React\\patchwork-com-arte-node\\src\\entities\\dto\\UserValidation.ts:5:10)\n    at Module._compile (node:internal/modules/cjs/loader:1126:14)\n    at Module.m._compile (C:\\Users\\Yan\\Desktop\\Projetos\\React\\patchwork-com-arte-node\\node_modules\\ts-node\\src\\index.ts:1618:23)\n    at Module._extensions..js (node:internal/modules/cjs/loader:1180:10)\n    at Object.require.extensions.<computed> [as .ts] (C:\\Users\\Yan\\Desktop\\Projetos\\React\\patchwork-com-arte-node\\node_modules\\ts-node\\src\\index.ts:1621:12)\n    at Module.load (node:internal/modules/cjs/loader:1004:32)\n    at Function.Module._load (node:internal/modules/cjs/loader:839:12)"}
info: Error conecting to server:  тип Unable to compile TypeScript:
[96msrc/entities/user.entity.ts[0m:[93m95[0m:[93m32[0m - [91merror[0m[90m TS2339: [0mProperty 'role' does not exist on type 'UserValidation'.

[7m95[0m     this.role = userValidation.role;
[7m  [0m [91m                               ~~~~[0m
 {"diagnosticCodes":[2339],"stack":"TSError: тип Unable to compile TypeScript:\n\u001b[96msrc/entities/user.entity.ts\u001b[0m:\u001b[93m95\u001b[0m:\u001b[93m32\u001b[0m - \u001b[91merror\u001b[0m\u001b[90m TS2339: \u001b[0mProperty 'role' does not exist on type 'UserValidation'.\r\n\r\n\u001b[7m95\u001b[0m     this.role = userValidation.role;\r\n\u001b[7m  \u001b[0m \u001b[91m                               ~~~~\u001b[0m\r\n\n    at createTSError (C:\\Users\\Yan\\Desktop\\Projetos\\React\\patchwork-com-arte-node\\node_modules\\ts-node\\src\\index.ts:859:12)\n    at reportTSError (C:\\Users\\Yan\\Desktop\\Projetos\\React\\patchwork-com-arte-node\\node_modules\\ts-node\\src\\index.ts:863:19)\n    at getOutput (C:\\Users\\Yan\\Desktop\\Projetos\\React\\patchwork-com-arte-node\\node_modules\\ts-node\\src\\index.ts:1077:36)\n    at Object.compile (C:\\Users\\Yan\\Desktop\\Projetos\\React\\patchwork-com-arte-node\\node_modules\\ts-node\\src\\index.ts:1433:41)\n    at Module.m._compile (C:\\Users\\Yan\\Desktop\\Projetos\\React\\patchwork-com-arte-node\\node_modules\\ts-node\\src\\index.ts:1617:30)\n    at Module._extensions..js (node:internal/modules/cjs/loader:1180:10)\n    at Object.require.extensions.<computed> [as .ts] (C:\\Users\\Yan\\Desktop\\Projetos\\React\\patchwork-com-arte-node\\node_modules\\ts-node\\src\\index.ts:1621:12)\n    at Module.load (node:internal/modules/cjs/loader:1004:32)\n    at Function.Module._load (node:internal/modules/cjs/loader:839:12)\n    at Module.require (node:internal/modules/cjs/loader:1028:19)"}
info: Error conecting to server:  Cannot convert undefined or null to object {"stack":"TypeError: Cannot convert undefined or null to object\n    at Function.entries (<anonymous>)\n    at validEnumValues (C:\\Users\\Yan\\Desktop\\Projetos\\React\\patchwork-com-arte-node\\node_modules\\src\\decorator\\typechecker\\IsEnum.ts:18:17)\n    at IsEnum (C:\\Users\\Yan\\Desktop\\Projetos\\React\\patchwork-com-arte-node\\node_modules\\src\\decorator\\typechecker\\IsEnum.ts:30:29)\n    at Object.<anonymous> (C:\\Users\\Yan\\Desktop\\Projetos\\React\\patchwork-com-arte-node\\src\\entities\\dto\\UserValidation.ts:5:10)\n    at Module._compile (node:internal/modules/cjs/loader:1126:14)\n    at Module.m._compile (C:\\Users\\Yan\\Desktop\\Projetos\\React\\patchwork-com-arte-node\\node_modules\\ts-node\\src\\index.ts:1618:23)\n    at Module._extensions..js (node:internal/modules/cjs/loader:1180:10)\n    at Object.require.extensions.<computed> [as .ts] (C:\\Users\\Yan\\Desktop\\Projetos\\React\\patchwork-com-arte-node\\node_modules\\ts-node\\src\\index.ts:1621:12)\n    at Module.load (node:internal/modules/cjs/loader:1004:32)\n    at Function.Module._load (node:internal/modules/cjs/loader:839:12)"}
info: Error conecting to server:  тип Unable to compile TypeScript:
[96msrc/entities/user.entity.ts[0m:[93m95[0m:[93m32[0m - [91merror[0m[90m TS2339: [0mProperty 'role' does not exist on type 'UserValidation'.

[7m95[0m     this.role = userValidation.role;
[7m  [0m [91m                               ~~~~[0m
 {"diagnosticCodes":[2339],"stack":"TSError: тип Unable to compile TypeScript:\n\u001b[96msrc/entities/user.entity.ts\u001b[0m:\u001b[93m95\u001b[0m:\u001b[93m32\u001b[0m - \u001b[91merror\u001b[0m\u001b[90m TS2339: \u001b[0mProperty 'role' does not exist on type 'UserValidation'.\r\n\r\n\u001b[7m95\u001b[0m     this.role = userValidation.role;\r\n\u001b[7m  \u001b[0m \u001b[91m                               ~~~~\u001b[0m\r\n\n    at createTSError (C:\\Users\\Yan\\Desktop\\Projetos\\React\\patchwork-com-arte-node\\node_modules\\ts-node\\src\\index.ts:859:12)\n    at reportTSError (C:\\Users\\Yan\\Desktop\\Projetos\\React\\patchwork-com-arte-node\\node_modules\\ts-node\\src\\index.ts:863:19)\n    at getOutput (C:\\Users\\Yan\\Desktop\\Projetos\\React\\patchwork-com-arte-node\\node_modules\\ts-node\\src\\index.ts:1077:36)\n    at Object.compile (C:\\Users\\Yan\\Desktop\\Projetos\\React\\patchwork-com-arte-node\\node_modules\\ts-node\\src\\index.ts:1433:41)\n    at Module.m._compile (C:\\Users\\Yan\\Desktop\\Projetos\\React\\patchwork-com-arte-node\\node_modules\\ts-node\\src\\index.ts:1617:30)\n    at Module._extensions..js (node:internal/modules/cjs/loader:1180:10)\n    at Object.require.extensions.<computed> [as .ts] (C:\\Users\\Yan\\Desktop\\Projetos\\React\\patchwork-com-arte-node\\node_modules\\ts-node\\src\\index.ts:1621:12)\n    at Module.load (node:internal/modules/cjs/loader:1004:32)\n    at Function.Module._load (node:internal/modules/cjs/loader:839:12)\n    at Module.require (node:internal/modules/cjs/loader:1028:19)"}
info: Error conecting to server:  Cannot convert undefined or null to object {"stack":"TypeError: Cannot convert undefined or null to object\n    at Function.entries (<anonymous>)\n    at validEnumValues (C:\\Users\\Yan\\Desktop\\Projetos\\React\\patchwork-com-arte-node\\node_modules\\src\\decorator\\typechecker\\IsEnum.ts:18:17)\n    at IsEnum (C:\\Users\\Yan\\Desktop\\Projetos\\React\\patchwork-com-arte-node\\node_modules\\src\\decorator\\typechecker\\IsEnum.ts:30:29)\n    at Object.<anonymous> (C:\\Users\\Yan\\Desktop\\Projetos\\React\\patchwork-com-arte-node\\src\\entities\\dto\\UserValidation.ts:5:10)\n    at Module._compile (node:internal/modules/cjs/loader:1126:14)\n    at Module.m._compile (C:\\Users\\Yan\\Desktop\\Projetos\\React\\patchwork-com-arte-node\\node_modules\\ts-node\\src\\index.ts:1618:23)\n    at Module._extensions..js (node:internal/modules/cjs/loader:1180:10)\n    at Object.require.extensions.<computed> [as .ts] (C:\\Users\\Yan\\Desktop\\Projetos\\React\\patchwork-com-arte-node\\node_modules\\ts-node\\src\\index.ts:1621:12)\n    at Module.load (node:internal/modules/cjs/loader:1004:32)\n    at Function.Module._load (node:internal/modules/cjs/loader:839:12)"}
info: Error conecting to server:  тип Unable to compile TypeScript:
[96msrc/entities/dto/UserValidation.ts[0m:[93m5[0m:[93m4[0m - [91merror[0m[90m TS2554: [0mExpected 1-2 arguments, but got 0.

[7m5[0m   @IsEnum()
[7m [0m [91m   ~~~~~~~~[0m

  [96mnode_modules/class-validator/types/decorator/typechecker/IsEnum.d.ts[0m:[93m10[0m:[93m32[0m
    [7m10[0m export declare function IsEnum(entity: object, validationOptions?: ValidationOptions): PropertyDecorator;
    [7m  [0m [96m                               ~~~~~~~~~~~~~~[0m
    An argument for 'entity' was not provided.
 {"diagnosticCodes":[2554],"stack":"TSError: тип Unable to compile TypeScript:\n\u001b[96msrc/entities/dto/UserValidation.ts\u001b[0m:\u001b[93m5\u001b[0m:\u001b[93m4\u001b[0m - \u001b[91merror\u001b[0m\u001b[90m TS2554: \u001b[0mExpected 1-2 arguments, but got 0.\r\n\r\n\u001b[7m5\u001b[0m   @IsEnum()\r\n\u001b[7m \u001b[0m \u001b[91m   ~~~~~~~~\u001b[0m\r\n\r\n  \u001b[96mnode_modules/class-validator/types/decorator/typechecker/IsEnum.d.ts\u001b[0m:\u001b[93m10\u001b[0m:\u001b[93m32\u001b[0m\r\n    \u001b[7m10\u001b[0m export declare function IsEnum(entity: object, validationOptions?: ValidationOptions): PropertyDecorator;\r\n    \u001b[7m  \u001b[0m \u001b[96m                               ~~~~~~~~~~~~~~\u001b[0m\r\n    An argument for 'entity' was not provided.\r\n\n    at createTSError (C:\\Users\\Yan\\Desktop\\Projetos\\React\\patchwork-com-arte-node\\node_modules\\ts-node\\src\\index.ts:859:12)\n    at reportTSError (C:\\Users\\Yan\\Desktop\\Projetos\\React\\patchwork-com-arte-node\\node_modules\\ts-node\\src\\index.ts:863:19)\n    at getOutput (C:\\Users\\Yan\\Desktop\\Projetos\\React\\patchwork-com-arte-node\\node_modules\\ts-node\\src\\index.ts:1077:36)\n    at Object.compile (C:\\Users\\Yan\\Desktop\\Projetos\\React\\patchwork-com-arte-node\\node_modules\\ts-node\\src\\index.ts:1433:41)\n    at Module.m._compile (C:\\Users\\Yan\\Desktop\\Projetos\\React\\patchwork-com-arte-node\\node_modules\\ts-node\\src\\index.ts:1617:30)\n    at Module._extensions..js (node:internal/modules/cjs/loader:1180:10)\n    at Object.require.extensions.<computed> [as .ts] (C:\\Users\\Yan\\Desktop\\Projetos\\React\\patchwork-com-arte-node\\node_modules\\ts-node\\src\\index.ts:1621:12)\n    at Module.load (node:internal/modules/cjs/loader:1004:32)\n    at Function.Module._load (node:internal/modules/cjs/loader:839:12)\n    at Module.require (node:internal/modules/cjs/loader:1028:19)"}
info: Error conecting to server:  Cannot convert undefined or null to object {"stack":"TypeError: Cannot convert undefined or null to object\n    at Function.entries (<anonymous>)\n    at validEnumValues (C:\\Users\\Yan\\Desktop\\Projetos\\React\\patchwork-com-arte-node\\node_modules\\src\\decorator\\typechecker\\IsEnum.ts:18:17)\n    at IsEnum (C:\\Users\\Yan\\Desktop\\Projetos\\React\\patchwork-com-arte-node\\node_modules\\src\\decorator\\typechecker\\IsEnum.ts:30:29)\n    at Object.<anonymous> (C:\\Users\\Yan\\Desktop\\Projetos\\React\\patchwork-com-arte-node\\src\\entities\\dto\\UserValidation.ts:5:10)\n    at Module._compile (node:internal/modules/cjs/loader:1126:14)\n    at Module.m._compile (C:\\Users\\Yan\\Desktop\\Projetos\\React\\patchwork-com-arte-node\\node_modules\\ts-node\\src\\index.ts:1618:23)\n    at Module._extensions..js (node:internal/modules/cjs/loader:1180:10)\n    at Object.require.extensions.<computed> [as .ts] (C:\\Users\\Yan\\Desktop\\Projetos\\React\\patchwork-com-arte-node\\node_modules\\ts-node\\src\\index.ts:1621:12)\n    at Module.load (node:internal/modules/cjs/loader:1004:32)\n    at Function.Module._load (node:internal/modules/cjs/loader:839:12)"}
info: Error conecting to server:  Cannot convert undefined or null to object {"stack":"TypeError: Cannot convert undefined or null to object\n    at Function.entries (<anonymous>)\n    at validEnumValues (C:\\Users\\Yan\\Desktop\\Projetos\\React\\patchwork-com-arte-node\\node_modules\\src\\decorator\\typechecker\\IsEnum.ts:18:17)\n    at IsEnum (C:\\Users\\Yan\\Desktop\\Projetos\\React\\patchwork-com-arte-node\\node_modules\\src\\decorator\\typechecker\\IsEnum.ts:30:29)\n    at Object.<anonymous> (C:\\Users\\Yan\\Desktop\\Projetos\\React\\patchwork-com-arte-node\\src\\entities\\dto\\UserValidation.ts:5:10)\n    at Module._compile (node:internal/modules/cjs/loader:1126:14)\n    at Module.m._compile (C:\\Users\\Yan\\Desktop\\Projetos\\React\\patchwork-com-arte-node\\node_modules\\ts-node\\src\\index.ts:1618:23)\n    at Module._extensions..js (node:internal/modules/cjs/loader:1180:10)\n    at Object.require.extensions.<computed> [as .ts] (C:\\Users\\Yan\\Desktop\\Projetos\\React\\patchwork-com-arte-node\\node_modules\\ts-node\\src\\index.ts:1621:12)\n    at Module.load (node:internal/modules/cjs/loader:1004:32)\n    at Function.Module._load (node:internal/modules/cjs/loader:839:12)"}
info: Error conecting to server:  Cannot convert undefined or null to object {"stack":"TypeError: Cannot convert undefined or null to object\n    at Function.entries (<anonymous>)\n    at validEnumValues (C:\\Users\\Yan\\Desktop\\Projetos\\React\\patchwork-com-arte-node\\node_modules\\src\\decorator\\typechecker\\IsEnum.ts:18:17)\n    at IsEnum (C:\\Users\\Yan\\Desktop\\Projetos\\React\\patchwork-com-arte-node\\node_modules\\src\\decorator\\typechecker\\IsEnum.ts:30:29)\n    at Object.<anonymous> (C:\\Users\\Yan\\Desktop\\Projetos\\React\\patchwork-com-arte-node\\src\\entities\\dto\\UserValidation.ts:5:10)\n    at Module._compile (node:internal/modules/cjs/loader:1126:14)\n    at Module.m._compile (C:\\Users\\Yan\\Desktop\\Projetos\\React\\patchwork-com-arte-node\\node_modules\\ts-node\\src\\index.ts:1618:23)\n    at Module._extensions..js (node:internal/modules/cjs/loader:1180:10)\n    at Object.require.extensions.<computed> [as .ts] (C:\\Users\\Yan\\Desktop\\Projetos\\React\\patchwork-com-arte-node\\node_modules\\ts-node\\src\\index.ts:1621:12)\n    at Module.load (node:internal/modules/cjs/loader:1004:32)\n    at Function.Module._load (node:internal/modules/cjs/loader:839:12)"}
info: Error conecting to server:  Cannot convert undefined or null to object {"stack":"TypeError: Cannot convert undefined or null to object\n    at Function.entries (<anonymous>)\n    at validEnumValues (C:\\Users\\Yan\\Desktop\\Projetos\\React\\patchwork-com-arte-node\\node_modules\\src\\decorator\\typechecker\\IsEnum.ts:18:17)\n    at IsEnum (C:\\Users\\Yan\\Desktop\\Projetos\\React\\patchwork-com-arte-node\\node_modules\\src\\decorator\\typechecker\\IsEnum.ts:30:29)\n    at Object.<anonymous> (C:\\Users\\Yan\\Desktop\\Projetos\\React\\patchwork-com-arte-node\\src\\entities\\dto\\UserValidation.ts:5:10)\n    at Module._compile (node:internal/modules/cjs/loader:1126:14)\n    at Module.m._compile (C:\\Users\\Yan\\Desktop\\Projetos\\React\\patchwork-com-arte-node\\node_modules\\ts-node\\src\\index.ts:1618:23)\n    at Module._extensions..js (node:internal/modules/cjs/loader:1180:10)\n    at Object.require.extensions.<computed> [as .ts] (C:\\Users\\Yan\\Desktop\\Projetos\\React\\patchwork-com-arte-node\\node_modules\\ts-node\\src\\index.ts:1621:12)\n    at Module.load (node:internal/modules/cjs/loader:1004:32)\n    at Function.Module._load (node:internal/modules/cjs/loader:839:12)"}
info: Error conecting to server:  Cannot convert undefined or null to object {"stack":"TypeError: Cannot convert undefined or null to object\n    at Function.entries (<anonymous>)\n    at validEnumValues (C:\\Users\\Yan\\Desktop\\Projetos\\React\\patchwork-com-arte-node\\node_modules\\src\\decorator\\typechecker\\IsEnum.ts:18:17)\n    at IsEnum (C:\\Users\\Yan\\Desktop\\Projetos\\React\\patchwork-com-arte-node\\node_modules\\src\\decorator\\typechecker\\IsEnum.ts:30:29)\n    at Object.<anonymous> (C:\\Users\\Yan\\Desktop\\Projetos\\React\\patchwork-com-arte-node\\src\\entities\\dto\\UserValidation.ts:5:10)\n    at Module._compile (node:internal/modules/cjs/loader:1126:14)\n    at Module.m._compile (C:\\Users\\Yan\\Desktop\\Projetos\\React\\patchwork-com-arte-node\\node_modules\\ts-node\\src\\index.ts:1618:23)\n    at Module._extensions..js (node:internal/modules/cjs/loader:1180:10)\n    at Object.require.extensions.<computed> [as .ts] (C:\\Users\\Yan\\Desktop\\Projetos\\React\\patchwork-com-arte-node\\node_modules\\ts-node\\src\\index.ts:1621:12)\n    at Module.load (node:internal/modules/cjs/loader:1004:32)\n    at Function.Module._load (node:internal/modules/cjs/loader:839:12)"}
info: Error conecting to server:  Cannot convert undefined or null to object {"stack":"TypeError: Cannot convert undefined or null to object\n    at Function.entries (<anonymous>)\n    at validEnumValues (C:\\Users\\Yan\\Desktop\\Projetos\\React\\patchwork-com-arte-node\\node_modules\\src\\decorator\\typechecker\\IsEnum.ts:18:17)\n    at IsEnum (C:\\Users\\Yan\\Desktop\\Projetos\\React\\patchwork-com-arte-node\\node_modules\\src\\decorator\\typechecker\\IsEnum.ts:30:29)\n    at Object.<anonymous> (C:\\Users\\Yan\\Desktop\\Projetos\\React\\patchwork-com-arte-node\\src\\entities\\dto\\UserValidation.ts:5:10)\n    at Module._compile (node:internal/modules/cjs/loader:1126:14)\n    at Module.m._compile (C:\\Users\\Yan\\Desktop\\Projetos\\React\\patchwork-com-arte-node\\node_modules\\ts-node\\src\\index.ts:1618:23)\n    at Module._extensions..js (node:internal/modules/cjs/loader:1180:10)\n    at Object.require.extensions.<computed> [as .ts] (C:\\Users\\Yan\\Desktop\\Projetos\\React\\patchwork-com-arte-node\\node_modules\\ts-node\\src\\index.ts:1621:12)\n    at Module.load (node:internal/modules/cjs/loader:1004:32)\n    at Function.Module._load (node:internal/modules/cjs/loader:839:12)"}
info: Error conecting to server:  тип Unable to compile TypeScript:
[96msrc/entities/User.ts[0m:[93m95[0m:[93m10[0m - [91merror[0m[90m TS2339: [0mProperty 'role' does not exist on type 'User'.

[7m95[0m     this.role = userValidation.role;
[7m  [0m [91m         ~~~~[0m
[96msrc/entities/User.ts[0m:[93m95[0m:[93m32[0m - [91merror[0m[90m TS2339: [0mProperty 'role' does not exist on type 'UserValidation'.

[7m95[0m     this.role = userValidation.role;
[7m  [0m [91m                               ~~~~[0m
 {"diagnosticCodes":[2339,2339],"stack":"TSError: тип Unable to compile TypeScript:\n\u001b[96msrc/entities/User.ts\u001b[0m:\u001b[93m95\u001b[0m:\u001b[93m10\u001b[0m - \u001b[91merror\u001b[0m\u001b[90m TS2339: \u001b[0mProperty 'role' does not exist on type 'User'.\r\n\r\n\u001b[7m95\u001b[0m     this.role = userValidation.role;\r\n\u001b[7m  \u001b[0m \u001b[91m         ~~~~\u001b[0m\r\n\u001b[96msrc/entities/User.ts\u001b[0m:\u001b[93m95\u001b[0m:\u001b[93m32\u001b[0m - \u001b[91merror\u001b[0m\u001b[90m TS2339: \u001b[0mProperty 'role' does not exist on type 'UserValidation'.\r\n\r\n\u001b[7m95\u001b[0m     this.role = userValidation.role;\r\n\u001b[7m  \u001b[0m \u001b[91m                               ~~~~\u001b[0m\r\n\n    at createTSError (C:\\Users\\Yan\\Desktop\\Projetos\\React\\patchwork-com-arte-node\\node_modules\\ts-node\\src\\index.ts:859:12)\n    at reportTSError (C:\\Users\\Yan\\Desktop\\Projetos\\React\\patchwork-com-arte-node\\node_modules\\ts-node\\src\\index.ts:863:19)\n    at getOutput (C:\\Users\\Yan\\Desktop\\Projetos\\React\\patchwork-com-arte-node\\node_modules\\ts-node\\src\\index.ts:1077:36)\n    at Object.compile (C:\\Users\\Yan\\Desktop\\Projetos\\React\\patchwork-com-arte-node\\node_modules\\ts-node\\src\\index.ts:1433:41)\n    at Module.m._compile (C:\\Users\\Yan\\Desktop\\Projetos\\React\\patchwork-com-arte-node\\node_modules\\ts-node\\src\\index.ts:1617:30)\n    at Module._extensions..js (node:internal/modules/cjs/loader:1180:10)\n    at Object.require.extensions.<computed> [as .ts] (C:\\Users\\Yan\\Desktop\\Projetos\\React\\patchwork-com-arte-node\\node_modules\\ts-node\\src\\index.ts:1621:12)\n    at Module.load (node:internal/modules/cjs/loader:1004:32)\n    at Function.Module._load (node:internal/modules/cjs/loader:839:12)\n    at Module.require (node:internal/modules/cjs/loader:1028:19)"}
info: Error conecting to server:  тип Unable to compile TypeScript:
[96msrc/entities/User.ts[0m:[93m95[0m:[93m32[0m - [91merror[0m[90m TS2339: [0mProperty 'role' does not exist on type 'UserValidation'.

[7m95[0m     this.role = userValidation.role;
[7m  [0m [91m                               ~~~~[0m
 {"diagnosticCodes":[2339],"stack":"TSError: тип Unable to compile TypeScript:\n\u001b[96msrc/entities/User.ts\u001b[0m:\u001b[93m95\u001b[0m:\u001b[93m32\u001b[0m - \u001b[91merror\u001b[0m\u001b[90m TS2339: \u001b[0mProperty 'role' does not exist on type 'UserValidation'.\r\n\r\n\u001b[7m95\u001b[0m     this.role = userValidation.role;\r\n\u001b[7m  \u001b[0m \u001b[91m                               ~~~~\u001b[0m\r\n\n    at createTSError (C:\\Users\\Yan\\Desktop\\Projetos\\React\\patchwork-com-arte-node\\node_modules\\ts-node\\src\\index.ts:859:12)\n    at reportTSError (C:\\Users\\Yan\\Desktop\\Projetos\\React\\patchwork-com-arte-node\\node_modules\\ts-node\\src\\index.ts:863:19)\n    at getOutput (C:\\Users\\Yan\\Desktop\\Projetos\\React\\patchwork-com-arte-node\\node_modules\\ts-node\\src\\index.ts:1077:36)\n    at Object.compile (C:\\Users\\Yan\\Desktop\\Projetos\\React\\patchwork-com-arte-node\\node_modules\\ts-node\\src\\index.ts:1433:41)\n    at Module.m._compile (C:\\Users\\Yan\\Desktop\\Projetos\\React\\patchwork-com-arte-node\\node_modules\\ts-node\\src\\index.ts:1617:30)\n    at Module._extensions..js (node:internal/modules/cjs/loader:1180:10)\n    at Object.require.extensions.<computed> [as .ts] (C:\\Users\\Yan\\Desktop\\Projetos\\React\\patchwork-com-arte-node\\node_modules\\ts-node\\src\\index.ts:1621:12)\n    at Module.load (node:internal/modules/cjs/loader:1004:32)\n    at Function.Module._load (node:internal/modules/cjs/loader:839:12)\n    at Module.require (node:internal/modules/cjs/loader:1028:19)"}
info: Error conecting to server:  тип Unable to compile TypeScript:
[96msrc/entities/User.ts[0m:[93m95[0m:[93m32[0m - [91merror[0m[90m TS2339: [0mProperty 'role' does not exist on type 'UserValidation'.

[7m95[0m     this.role = userValidation.role;
[7m  [0m [91m                               ~~~~[0m
 {"diagnosticCodes":[2339],"stack":"TSError: тип Unable to compile TypeScript:\n\u001b[96msrc/entities/User.ts\u001b[0m:\u001b[93m95\u001b[0m:\u001b[93m32\u001b[0m - \u001b[91merror\u001b[0m\u001b[90m TS2339: \u001b[0mProperty 'role' does not exist on type 'UserValidation'.\r\n\r\n\u001b[7m95\u001b[0m     this.role = userValidation.role;\r\n\u001b[7m  \u001b[0m \u001b[91m                               ~~~~\u001b[0m\r\n\n    at createTSError (C:\\Users\\Yan\\Desktop\\Projetos\\React\\patchwork-com-arte-node\\node_modules\\ts-node\\src\\index.ts:859:12)\n    at reportTSError (C:\\Users\\Yan\\Desktop\\Projetos\\React\\patchwork-com-arte-node\\node_modules\\ts-node\\src\\index.ts:863:19)\n    at getOutput (C:\\Users\\Yan\\Desktop\\Projetos\\React\\patchwork-com-arte-node\\node_modules\\ts-node\\src\\index.ts:1077:36)\n    at Object.compile (C:\\Users\\Yan\\Desktop\\Projetos\\React\\patchwork-com-arte-node\\node_modules\\ts-node\\src\\index.ts:1433:41)\n    at Module.m._compile (C:\\Users\\Yan\\Desktop\\Projetos\\React\\patchwork-com-arte-node\\node_modules\\ts-node\\src\\index.ts:1617:30)\n    at Module._extensions..js (node:internal/modules/cjs/loader:1180:10)\n    at Object.require.extensions.<computed> [as .ts] (C:\\Users\\Yan\\Desktop\\Projetos\\React\\patchwork-com-arte-node\\node_modules\\ts-node\\src\\index.ts:1621:12)\n    at Module.load (node:internal/modules/cjs/loader:1004:32)\n    at Function.Module._load (node:internal/modules/cjs/loader:839:12)\n    at Module.require (node:internal/modules/cjs/loader:1028:19)"}
info: Error conecting to server:  Cannot convert undefined or null to object {"stack":"TypeError: Cannot convert undefined or null to object\n    at Function.entries (<anonymous>)\n    at validEnumValues (C:\\Users\\Yan\\Desktop\\Projetos\\React\\patchwork-com-arte-node\\node_modules\\src\\decorator\\typechecker\\IsEnum.ts:18:17)\n    at IsEnum (C:\\Users\\Yan\\Desktop\\Projetos\\React\\patchwork-com-arte-node\\node_modules\\src\\decorator\\typechecker\\IsEnum.ts:30:29)\n    at Object.<anonymous> (C:\\Users\\Yan\\Desktop\\Projetos\\React\\patchwork-com-arte-node\\src\\entities\\dto\\UserValidation.ts:5:10)\n    at Module._compile (node:internal/modules/cjs/loader:1126:14)\n    at Module.m._compile (C:\\Users\\Yan\\Desktop\\Projetos\\React\\patchwork-com-arte-node\\node_modules\\ts-node\\src\\index.ts:1618:23)\n    at Module._extensions..js (node:internal/modules/cjs/loader:1180:10)\n    at Object.require.extensions.<computed> [as .ts] (C:\\Users\\Yan\\Desktop\\Projetos\\React\\patchwork-com-arte-node\\node_modules\\ts-node\\src\\index.ts:1621:12)\n    at Module.load (node:internal/modules/cjs/loader:1004:32)\n    at Function.Module._load (node:internal/modules/cjs/loader:839:12)"}
info: Error conecting to server:  Cannot read properties of undefined (reading 'role') {"stack":"TypeError: Cannot read properties of undefined (reading 'role')\n    at new User (C:\\Users\\Yan\\Desktop\\Projetos\\React\\patchwork-com-arte-node\\src\\entities\\User.ts:95:32)\n    at EntityMetadata.create (C:\\Users\\Yan\\Desktop\\Projetos\\React\\patchwork-com-arte-node\\node_modules\\src\\metadata\\EntityMetadata.ts:563:23)\n    at EntityMetadataValidator.validate (C:\\Users\\Yan\\Desktop\\Projetos\\React\\patchwork-com-arte-node\\node_modules\\src\\metadata-builder\\EntityMetadataValidator.ts:211:47)\n    at C:\\Users\\Yan\\Desktop\\Projetos\\React\\patchwork-com-arte-node\\node_modules\\src\\metadata-builder\\EntityMetadataValidator.ts:43:18\n    at Array.forEach (<anonymous>)\n    at EntityMetadataValidator.validateMany (C:\\Users\\Yan\\Desktop\\Projetos\\React\\patchwork-com-arte-node\\node_modules\\src\\metadata-builder\\EntityMetadataValidator.ts:42:25)\n    at DataSource.buildMetadatas (C:\\Users\\Yan\\Desktop\\Projetos\\React\\patchwork-com-arte-node\\node_modules\\src\\data-source\\DataSource.ts:724:33)\n    at async DataSource.initialize (C:\\Users\\Yan\\Desktop\\Projetos\\React\\patchwork-com-arte-node\\node_modules\\src\\data-source\\DataSource.ts:259:13)\n    at async startServer (C:\\Users\\Yan\\Desktop\\Projetos\\React\\patchwork-com-arte-node\\src\\index.ts:28:5)"}
info: Error conecting to server:  Cannot read properties of undefined (reading 'name') {"stack":"TypeError: Cannot read properties of undefined (reading 'name')\n    at new User (C:\\Users\\Yan\\Desktop\\Projetos\\React\\patchwork-com-arte-node\\src\\entities\\User.ts:96:32)\n    at EntityMetadata.create (C:\\Users\\Yan\\Desktop\\Projetos\\React\\patchwork-com-arte-node\\node_modules\\src\\metadata\\EntityMetadata.ts:563:23)\n    at EntityMetadataValidator.validate (C:\\Users\\Yan\\Desktop\\Projetos\\React\\patchwork-com-arte-node\\node_modules\\src\\metadata-builder\\EntityMetadataValidator.ts:211:47)\n    at C:\\Users\\Yan\\Desktop\\Projetos\\React\\patchwork-com-arte-node\\node_modules\\src\\metadata-builder\\EntityMetadataValidator.ts:43:18\n    at Array.forEach (<anonymous>)\n    at EntityMetadataValidator.validateMany (C:\\Users\\Yan\\Desktop\\Projetos\\React\\patchwork-com-arte-node\\node_modules\\src\\metadata-builder\\EntityMetadataValidator.ts:42:25)\n    at DataSource.buildMetadatas (C:\\Users\\Yan\\Desktop\\Projetos\\React\\patchwork-com-arte-node\\node_modules\\src\\data-source\\DataSource.ts:724:33)\n    at async DataSource.initialize (C:\\Users\\Yan\\Desktop\\Projetos\\React\\patchwork-com-arte-node\\node_modules\\src\\data-source\\DataSource.ts:259:13)\n    at async startServer (C:\\Users\\Yan\\Desktop\\Projetos\\React\\patchwork-com-arte-node\\src\\index.ts:28:5)"}
info: Error conecting to server:  Cannot read properties of undefined (reading 'role') {"stack":"TypeError: Cannot read properties of undefined (reading 'role')\n    at new User (C:\\Users\\Yan\\Desktop\\Projetos\\React\\patchwork-com-arte-node\\src\\entities\\User.ts:95:32)\n    at EntityMetadata.create (C:\\Users\\Yan\\Desktop\\Projetos\\React\\patchwork-com-arte-node\\node_modules\\src\\metadata\\EntityMetadata.ts:563:23)\n    at EntityMetadataValidator.validate (C:\\Users\\Yan\\Desktop\\Projetos\\React\\patchwork-com-arte-node\\node_modules\\src\\metadata-builder\\EntityMetadataValidator.ts:211:47)\n    at C:\\Users\\Yan\\Desktop\\Projetos\\React\\patchwork-com-arte-node\\node_modules\\src\\metadata-builder\\EntityMetadataValidator.ts:43:18\n    at Array.forEach (<anonymous>)\n    at EntityMetadataValidator.validateMany (C:\\Users\\Yan\\Desktop\\Projetos\\React\\patchwork-com-arte-node\\node_modules\\src\\metadata-builder\\EntityMetadataValidator.ts:42:25)\n    at DataSource.buildMetadatas (C:\\Users\\Yan\\Desktop\\Projetos\\React\\patchwork-com-arte-node\\node_modules\\src\\data-source\\DataSource.ts:724:33)\n    at async DataSource.initialize (C:\\Users\\Yan\\Desktop\\Projetos\\React\\patchwork-com-arte-node\\node_modules\\src\\data-source\\DataSource.ts:259:13)\n    at async startServer (C:\\Users\\Yan\\Desktop\\Projetos\\React\\patchwork-com-arte-node\\src\\index.ts:28:5)"}
info: Error conecting to server:  Cannot read properties of undefined (reading 'name') {"stack":"TypeError: Cannot read properties of undefined (reading 'name')\n    at new User (C:\\Users\\Yan\\Desktop\\Projetos\\React\\patchwork-com-arte-node\\src\\entities\\User.ts:96:32)\n    at EntityMetadata.create (C:\\Users\\Yan\\Desktop\\Projetos\\React\\patchwork-com-arte-node\\node_modules\\src\\metadata\\EntityMetadata.ts:563:23)\n    at EntityMetadataValidator.validate (C:\\Users\\Yan\\Desktop\\Projetos\\React\\patchwork-com-arte-node\\node_modules\\src\\metadata-builder\\EntityMetadataValidator.ts:211:47)\n    at C:\\Users\\Yan\\Desktop\\Projetos\\React\\patchwork-com-arte-node\\node_modules\\src\\metadata-builder\\EntityMetadataValidator.ts:43:18\n    at Array.forEach (<anonymous>)\n    at EntityMetadataValidator.validateMany (C:\\Users\\Yan\\Desktop\\Projetos\\React\\patchwork-com-arte-node\\node_modules\\src\\metadata-builder\\EntityMetadataValidator.ts:42:25)\n    at DataSource.buildMetadatas (C:\\Users\\Yan\\Desktop\\Projetos\\React\\patchwork-com-arte-node\\node_modules\\src\\data-source\\DataSource.ts:724:33)\n    at async DataSource.initialize (C:\\Users\\Yan\\Desktop\\Projetos\\React\\patchwork-com-arte-node\\node_modules\\src\\data-source\\DataSource.ts:259:13)\n    at async startServer (C:\\Users\\Yan\\Desktop\\Projetos\\React\\patchwork-com-arte-node\\src\\index.ts:28:5)"}
info: Server starting at port 8000
info: Server starting at port 8000
info: Server starting at port 8000
